{"numFailedTestSuites":0,"numFailedTests":0,"numPassedTestSuites":22,"numPassedTests":142,"numPendingTestSuites":0,"numPendingTests":0,"numRuntimeErrorTestSuites":0,"numTodoTests":0,"numTotalTestSuites":22,"numTotalTests":142,"openHandles":[],"snapshot":{"added":0,"didUpdate":false,"failure":false,"filesAdded":0,"filesRemoved":0,"filesRemovedList":[],"filesUnmatched":0,"filesUpdated":0,"matched":47,"total":47,"unchecked":0,"uncheckedKeysByFile":[],"unmatched":0,"updated":0},"startTime":1633144632958,"success":true,"testResults":[{"assertionResults":[{"ancestorTitles":["entities","#cloneEntities"],"failureMessages":[],"fullName":"entities #cloneEntities works","location":null,"status":"passed","title":"works"},{"ancestorTitles":["entities","#cloneEntities"],"failureMessages":[],"fullName":"entities #cloneEntities no filtering = no change","location":null,"status":"passed","title":"no filtering = no change"},{"ancestorTitles":["entities","#filterEntityRanges"],"failureMessages":[],"fullName":"entities #filterEntityRanges works","location":null,"status":"passed","title":"works"},{"ancestorTitles":["entities","#filterEntityRanges"],"failureMessages":[],"fullName":"entities #filterEntityRanges no filtering = no change","location":null,"status":"passed","title":"no filtering = no change"},{"ancestorTitles":["entities","#shouldKeepEntityType"],"failureMessages":[],"fullName":"entities #shouldKeepEntityType keep","location":null,"status":"passed","title":"keep"},{"ancestorTitles":["entities","#shouldKeepEntityType"],"failureMessages":[],"fullName":"entities #shouldKeepEntityType remove","location":null,"status":"passed","title":"remove"},{"ancestorTitles":["entities","#shouldRemoveImageEntity"],"failureMessages":[],"fullName":"entities #shouldRemoveImageEntity keep","location":null,"status":"passed","title":"keep"},{"ancestorTitles":["entities","#shouldRemoveImageEntity"],"failureMessages":[],"fullName":"entities #shouldRemoveImageEntity remove (wrong block)","location":null,"status":"passed","title":"remove (wrong block)"},{"ancestorTitles":["entities","#shouldRemoveImageEntity"],"failureMessages":[],"fullName":"entities #shouldRemoveImageEntity not an image - no opinion","location":null,"status":"passed","title":"not an image - no opinion"},{"ancestorTitles":["entities","#shouldKeepEntityByAttribute"],"failureMessages":[],"fullName":"entities #shouldKeepEntityByAttribute valid","location":null,"status":"passed","title":"valid"},{"ancestorTitles":["entities","#shouldKeepEntityByAttribute"],"failureMessages":[],"fullName":"entities #shouldKeepEntityByAttribute invalid","location":null,"status":"passed","title":"invalid"},{"ancestorTitles":["entities","#shouldKeepEntityByAttribute"],"failureMessages":[],"fullName":"entities #shouldKeepEntityByAttribute attribute not defined on entities matches undefined","location":null,"status":"passed","title":"attribute not defined on entities matches undefined"},{"ancestorTitles":["entities","#shouldKeepEntityByAttribute","multiple attributes"],"failureMessages":[],"fullName":"entities #shouldKeepEntityByAttribute multiple attributes valid","location":null,"status":"passed","title":"valid"},{"ancestorTitles":["entities","#shouldKeepEntityByAttribute","multiple attributes"],"failureMessages":[],"fullName":"entities #shouldKeepEntityByAttribute multiple attributes invalid","location":null,"status":"passed","title":"invalid"},{"ancestorTitles":["entities","#shouldKeepEntityByAttribute","attribute presence"],"failureMessages":[],"fullName":"entities #shouldKeepEntityByAttribute attribute presence requested, absent","location":null,"status":"passed","title":"requested, absent"},{"ancestorTitles":["entities","#shouldKeepEntityByAttribute","attribute presence"],"failureMessages":[],"fullName":"entities #shouldKeepEntityByAttribute attribute presence requested, present","location":null,"status":"passed","title":"requested, present"},{"ancestorTitles":["entities","#shouldKeepEntityByAttribute","attribute presence"],"failureMessages":[],"fullName":"entities #shouldKeepEntityByAttribute attribute presence requested out, absent","location":null,"status":"passed","title":"requested out, absent"},{"ancestorTitles":["entities","#shouldKeepEntityByAttribute","attribute presence"],"failureMessages":[],"fullName":"entities #shouldKeepEntityByAttribute attribute presence requested out, present","location":null,"status":"passed","title":"requested out, present"},{"ancestorTitles":["entities","#shouldKeepEntityByAttribute","defaults"],"failureMessages":[],"fullName":"entities #shouldKeepEntityByAttribute defaults missing config","location":null,"status":"passed","title":"missing config"},{"ancestorTitles":["entities","#shouldKeepEntityByAttribute","defaults"],"failureMessages":[],"fullName":"entities #shouldKeepEntityByAttribute defaults no allowlist","location":null,"status":"passed","title":"no allowlist"},{"ancestorTitles":["entities","#shouldKeepEntityByAttribute","defaults"],"failureMessages":[],"fullName":"entities #shouldKeepEntityByAttribute defaults deprecated whitelist","location":null,"status":"passed","title":"deprecated whitelist"},{"ancestorTitles":["entities","#shouldKeepEntityByAttribute","defaults"],"failureMessages":[],"fullName":"entities #shouldKeepEntityByAttribute defaults invalid – both allowlist and whitelist","location":null,"status":"passed","title":"invalid – both allowlist and whitelist"},{"ancestorTitles":["entities","#filterEntityData"],"failureMessages":[],"fullName":"entities #filterEntityData works","location":null,"status":"passed","title":"works"},{"ancestorTitles":["entities","#filterEntityData"],"failureMessages":[],"fullName":"entities #filterEntityData no filtering = no change","location":null,"status":"passed","title":"no filtering = no change"},{"ancestorTitles":["entities","#filterEntityData","defaults"],"failureMessages":[],"fullName":"entities #filterEntityData defaults missing config","location":null,"status":"passed","title":"missing config"},{"ancestorTitles":["entities","#filterEntityData","defaults"],"failureMessages":[],"fullName":"entities #filterEntityData defaults no allowlist","location":null,"status":"passed","title":"no allowlist"}],"endTime":1633144635505,"message":"","name":"/home/runner/work/draftjs-filters/draftjs-filters/src/lib/filters/entities.test.js","startTime":1633144633528,"status":"passed","summary":""},{"assertionResults":[{"ancestorTitles":["selection","#applyContentWithSelection"],"failureMessages":[],"fullName":"selection #applyContentWithSelection does not alter editorState if content is the same before / after filters","location":null,"status":"passed","title":"does not alter editorState if content is the same before / after filters"},{"ancestorTitles":["selection","#applyContentWithSelection"],"failureMessages":[],"fullName":"selection #applyContentWithSelection inserts a block if there is none left, with selection on it","location":null,"status":"passed","title":"inserts a block if there is none left, with selection on it"},{"ancestorTitles":["selection","#applyContentWithSelection"],"failureMessages":[],"fullName":"selection #applyContentWithSelection does not change selection if valid","location":null,"status":"passed","title":"does not change selection if valid"},{"ancestorTitles":["selection","#applyContentWithSelection"],"failureMessages":[],"fullName":"selection #applyContentWithSelection does not change selection if not collapsed","location":null,"status":"passed","title":"does not change selection if not collapsed"},{"ancestorTitles":["selection","#applyContentWithSelection"],"failureMessages":[],"fullName":"selection #applyContentWithSelection works for the last block","location":null,"status":"passed","title":"works for the last block"},{"ancestorTitles":["selection","#applyContentWithSelection"],"failureMessages":[],"fullName":"selection #applyContentWithSelection works on a random block","location":null,"status":"passed","title":"works on a random block"},{"ancestorTitles":["selection","#applyContentWithSelection"],"failureMessages":[],"fullName":"selection #applyContentWithSelection works with multiple blocks removed","location":null,"status":"passed","title":"works with multiple blocks removed"},{"ancestorTitles":["selection","#applyContentWithSelection"],"failureMessages":[],"fullName":"selection #applyContentWithSelection works with consecutive blocks removed","location":null,"status":"passed","title":"works with consecutive blocks removed"},{"ancestorTitles":["selection","#applyContentWithSelection"],"failureMessages":[],"fullName":"selection #applyContentWithSelection fail-safe if new selection location cannot be determined","location":null,"status":"passed","title":"fail-safe if new selection location cannot be determined"}],"endTime":1633144636230,"message":"","name":"/home/runner/work/draftjs-filters/draftjs-filters/src/lib/filters/selection.test.js","startTime":1633144635532,"status":"passed","summary":""},{"assertionResults":[{"ancestorTitles":["editor","#filterEditorState"],"failureMessages":[],"fullName":"editor #filterEditorState works","location":null,"status":"passed","title":"works"},{"ancestorTitles":["editor","#filterEditorState"],"failureMessages":[],"fullName":"editor #filterEditorState no normalisation = no change","location":null,"status":"passed","title":"no normalisation = no change"},{"ancestorTitles":["editor","#filterEditorState","does not introduce filterable content during filtering"],"failureMessages":[],"fullName":"editor #filterEditorState does not introduce filterable content during filtering works","location":null,"status":"passed","title":"works"},{"ancestorTitles":["editor","#filterEditorState","does not introduce filterable content during filtering"],"failureMessages":[],"fullName":"editor #filterEditorState does not introduce filterable content during filtering in particular with list items","location":null,"status":"passed","title":"in particular with list items"},{"ancestorTitles":["editor","#filterEditorState"],"failureMessages":[],"fullName":"editor #filterEditorState #blockTextRules can be overriden (#65)","location":null,"status":"passed","title":"#blockTextRules can be overriden (#65)"}],"endTime":1633144636590,"message":"","name":"/home/runner/work/draftjs-filters/draftjs-filters/src/lib/filters/editor.test.js","startTime":1633144636252,"status":"passed","summary":""},{"assertionResults":[{"ancestorTitles":["blocks","#removeInvalidDepthBlocks"],"failureMessages":[],"fullName":"blocks #removeInvalidDepthBlocks normalises depth to a given number","location":null,"status":"passed","title":"normalises depth to a given number"},{"ancestorTitles":["blocks","#removeInvalidDepthBlocks"],"failureMessages":[],"fullName":"blocks #removeInvalidDepthBlocks no normalisation = no change","location":null,"status":"passed","title":"no normalisation = no change"},{"ancestorTitles":["blocks","#limitBlockDepth"],"failureMessages":[],"fullName":"blocks #limitBlockDepth normalises depth to a given number","location":null,"status":"passed","title":"normalises depth to a given number"},{"ancestorTitles":["blocks","#limitBlockDepth"],"failureMessages":[],"fullName":"blocks #limitBlockDepth no normalisation = no change","location":null,"status":"passed","title":"no normalisation = no change"},{"ancestorTitles":["blocks","#preserveBlockByText"],"failureMessages":[],"fullName":"blocks #preserveBlockByText works","location":null,"status":"passed","title":"works"},{"ancestorTitles":["blocks","#preserveBlockByText"],"failureMessages":[],"fullName":"blocks #preserveBlockByText no normalisation = no change","location":null,"status":"passed","title":"no normalisation = no change"},{"ancestorTitles":["blocks","#filterBlockTypes"],"failureMessages":[],"fullName":"blocks #filterBlockTypes works","location":null,"status":"passed","title":"works"},{"ancestorTitles":["blocks","#filterBlockTypes"],"failureMessages":[],"fullName":"blocks #filterBlockTypes no normalisation = no change","location":null,"status":"passed","title":"no normalisation = no change"}],"endTime":1633144636881,"message":"","name":"/home/runner/work/draftjs-filters/draftjs-filters/src/lib/filters/blocks.test.js","startTime":1633144636607,"status":"passed","summary":""},{"assertionResults":[{"ancestorTitles":["No paste"],"failureMessages":[],"fullName":"No paste does not alter content entered manually","location":null,"status":"passed","title":"does not alter content entered manually"}],"endTime":1633144637553,"message":"","name":"/home/runner/work/draftjs-filters/draftjs-filters/src/tests/no-paste.test.js","startTime":1633144636894,"status":"passed","summary":""},{"assertionResults":[{"ancestorTitles":["FilterableEditor"],"failureMessages":[],"fullName":"FilterableEditor renders","location":null,"status":"passed","title":"renders"},{"ancestorTitles":["FilterableEditor","#extended"],"failureMessages":[],"fullName":"FilterableEditor #extended works","location":null,"status":"passed","title":"works"},{"ancestorTitles":["FilterableEditor","#extended"],"failureMessages":[],"fullName":"FilterableEditor #extended save feature","location":null,"status":"passed","title":"save feature"},{"ancestorTitles":["FilterableEditor","onChange"],"failureMessages":[],"fullName":"FilterableEditor onChange works","location":null,"status":"passed","title":"works"},{"ancestorTitles":["FilterableEditor","onChange"],"failureMessages":[],"fullName":"FilterableEditor onChange #filtered","location":null,"status":"passed","title":"#filtered"},{"ancestorTitles":["FilterableEditor","onChange"],"failureMessages":[],"fullName":"FilterableEditor onChange #filtered shouldFilterPaste","location":null,"status":"passed","title":"#filtered shouldFilterPaste"},{"ancestorTitles":["FilterableEditor","onChange"],"failureMessages":[],"fullName":"FilterableEditor onChange #filtered shouldFilterPaste #extended","location":null,"status":"passed","title":"#filtered shouldFilterPaste #extended"},{"ancestorTitles":["FilterableEditor"],"failureMessages":[],"fullName":"FilterableEditor toggleStyle","location":null,"status":"passed","title":"toggleStyle"},{"ancestorTitles":["FilterableEditor"],"failureMessages":[],"fullName":"FilterableEditor toggleBlock","location":null,"status":"passed","title":"toggleBlock"},{"ancestorTitles":["FilterableEditor"],"failureMessages":[],"fullName":"FilterableEditor toggleEntity - LINK","location":null,"status":"passed","title":"toggleEntity - LINK"},{"ancestorTitles":["FilterableEditor"],"failureMessages":[],"fullName":"FilterableEditor toggleEntity - IMAGE","location":null,"status":"passed","title":"toggleEntity - IMAGE"},{"ancestorTitles":["FilterableEditor"],"failureMessages":[],"fullName":"FilterableEditor blockRenderer","location":null,"status":"passed","title":"blockRenderer"},{"ancestorTitles":["FilterableEditor","keyBindingFn"],"failureMessages":[],"fullName":"FilterableEditor keyBindingFn works","location":null,"status":"passed","title":"works"},{"ancestorTitles":["FilterableEditor","keyBindingFn"],"failureMessages":[],"fullName":"FilterableEditor keyBindingFn works #extended","location":null,"status":"passed","title":"works #extended"},{"ancestorTitles":["FilterableEditor","keyBindingFn"],"failureMessages":[],"fullName":"FilterableEditor keyBindingFn does not change state directly with other keys","location":null,"status":"passed","title":"does not change state directly with other keys"},{"ancestorTitles":["FilterableEditor","handleKeyCommand"],"failureMessages":[],"fullName":"FilterableEditor handleKeyCommand draftjs internal, handled","location":null,"status":"passed","title":"draftjs internal, handled"},{"ancestorTitles":["FilterableEditor","handleKeyCommand"],"failureMessages":[],"fullName":"FilterableEditor handleKeyCommand draftjs internal, not handled","location":null,"status":"passed","title":"draftjs internal, not handled"}],"endTime":1633144638125,"message":"","name":"/home/runner/work/draftjs-filters/draftjs-filters/src/demo/components/FilterableEditor.test.js","startTime":1633144637569,"status":"passed","summary":""},{"assertionResults":[{"ancestorTitles":["atomic","#preserveAtomicBlocks"],"failureMessages":[],"fullName":"atomic #preserveAtomicBlocks works","location":null,"status":"passed","title":"works"},{"ancestorTitles":["atomic","#preserveAtomicBlocks"],"failureMessages":[],"fullName":"atomic #preserveAtomicBlocks no normalisation = no change","location":null,"status":"passed","title":"no normalisation = no change"},{"ancestorTitles":["atomic","#resetAtomicBlocks"],"failureMessages":[],"fullName":"atomic #resetAtomicBlocks works","location":null,"status":"passed","title":"works"},{"ancestorTitles":["atomic","#resetAtomicBlocks"],"failureMessages":[],"fullName":"atomic #resetAtomicBlocks no filtering = no change","location":null,"status":"passed","title":"no filtering = no change"},{"ancestorTitles":["atomic","#removeInvalidAtomicBlocks"],"failureMessages":[],"fullName":"atomic #removeInvalidAtomicBlocks works","location":null,"status":"passed","title":"works"},{"ancestorTitles":["atomic","#removeInvalidAtomicBlocks"],"failureMessages":[],"fullName":"atomic #removeInvalidAtomicBlocks no filtering = no change","location":null,"status":"passed","title":"no filtering = no change"}],"endTime":1633144638463,"message":"","name":"/home/runner/work/draftjs-filters/draftjs-filters/src/lib/filters/atomic.test.js","startTime":1633144638162,"status":"passed","summary":""},{"assertionResults":[{"ancestorTitles":["SentryBoundary"],"failureMessages":[],"fullName":"SentryBoundary renders","location":null,"status":"passed","title":"renders"},{"ancestorTitles":["SentryBoundary"],"failureMessages":[],"fullName":"SentryBoundary componentDidCatch","location":null,"status":"passed","title":"componentDidCatch"},{"ancestorTitles":["SentryBoundary"],"failureMessages":[],"fullName":"SentryBoundary componentDidCatch Raven","location":null,"status":"passed","title":"componentDidCatch Raven"},{"ancestorTitles":["SentryBoundary"],"failureMessages":[],"fullName":"SentryBoundary #error","location":null,"status":"passed","title":"#error"},{"ancestorTitles":["SentryBoundary"],"failureMessages":[],"fullName":"SentryBoundary #error reload","location":null,"status":"passed","title":"#error reload"},{"ancestorTitles":["SentryBoundary"],"failureMessages":[],"fullName":"SentryBoundary #error Raven","location":null,"status":"passed","title":"#error Raven"},{"ancestorTitles":["SentryBoundary"],"failureMessages":[],"fullName":"SentryBoundary #error Raven report","location":null,"status":"passed","title":"#error Raven report"}],"endTime":1633144638657,"message":"","name":"/home/runner/work/draftjs-filters/draftjs-filters/src/demo/components/SentryBoundary.test.js","startTime":1633144638473,"status":"passed","summary":""},{"assertionResults":[{"ancestorTitles":["draftjs-filters"],"failureMessages":[],"fullName":"draftjs-filters preserveAtomicBlocks","location":null,"status":"passed","title":"preserveAtomicBlocks"},{"ancestorTitles":["draftjs-filters"],"failureMessages":[],"fullName":"draftjs-filters resetAtomicBlocks","location":null,"status":"passed","title":"resetAtomicBlocks"},{"ancestorTitles":["draftjs-filters"],"failureMessages":[],"fullName":"draftjs-filters removeInvalidAtomicBlocks","location":null,"status":"passed","title":"removeInvalidAtomicBlocks"},{"ancestorTitles":["draftjs-filters"],"failureMessages":[],"fullName":"draftjs-filters removeInvalidDepthBlocks","location":null,"status":"passed","title":"removeInvalidDepthBlocks"},{"ancestorTitles":["draftjs-filters"],"failureMessages":[],"fullName":"draftjs-filters limitBlockDepth","location":null,"status":"passed","title":"limitBlockDepth"},{"ancestorTitles":["draftjs-filters"],"failureMessages":[],"fullName":"draftjs-filters preserveBlockByText","location":null,"status":"passed","title":"preserveBlockByText"},{"ancestorTitles":["draftjs-filters"],"failureMessages":[],"fullName":"draftjs-filters filterBlockTypes","location":null,"status":"passed","title":"filterBlockTypes"},{"ancestorTitles":["draftjs-filters"],"failureMessages":[],"fullName":"draftjs-filters filterInlineStyles","location":null,"status":"passed","title":"filterInlineStyles"},{"ancestorTitles":["draftjs-filters"],"failureMessages":[],"fullName":"draftjs-filters cloneEntities","location":null,"status":"passed","title":"cloneEntities"},{"ancestorTitles":["draftjs-filters"],"failureMessages":[],"fullName":"draftjs-filters filterEntityRanges","location":null,"status":"passed","title":"filterEntityRanges"},{"ancestorTitles":["draftjs-filters"],"failureMessages":[],"fullName":"draftjs-filters shouldKeepEntityType","location":null,"status":"passed","title":"shouldKeepEntityType"},{"ancestorTitles":["draftjs-filters"],"failureMessages":[],"fullName":"draftjs-filters shouldRemoveImageEntity","location":null,"status":"passed","title":"shouldRemoveImageEntity"},{"ancestorTitles":["draftjs-filters"],"failureMessages":[],"fullName":"draftjs-filters filterEntityData","location":null,"status":"passed","title":"filterEntityData"},{"ancestorTitles":["draftjs-filters"],"failureMessages":[],"fullName":"draftjs-filters replaceTextBySpaces","location":null,"status":"passed","title":"replaceTextBySpaces"},{"ancestorTitles":["draftjs-filters"],"failureMessages":[],"fullName":"draftjs-filters applyContentWithSelection","location":null,"status":"passed","title":"applyContentWithSelection"},{"ancestorTitles":["draftjs-filters"],"failureMessages":[],"fullName":"draftjs-filters filterEditorState","location":null,"status":"passed","title":"filterEditorState"}],"endTime":1633144638884,"message":"","name":"/home/runner/work/draftjs-filters/draftjs-filters/src/lib/index.test.js","startTime":1633144638672,"status":"passed","summary":""},{"assertionResults":[{"ancestorTitles":["Link"],"failureMessages":[],"fullName":"Link renders","location":null,"status":"passed","title":"renders"},{"ancestorTitles":["linkStrategy"],"failureMessages":[],"fullName":"linkStrategy works","location":null,"status":"passed","title":"works"}],"endTime":1633144639110,"message":"","name":"/home/runner/work/draftjs-filters/draftjs-filters/src/demo/components/Link.test.js","startTime":1633144638904,"status":"passed","summary":""},{"assertionResults":[{"ancestorTitles":["text","#replaceTextBySpaces"],"failureMessages":[],"fullName":"text #replaceTextBySpaces works","location":null,"status":"passed","title":"works"},{"ancestorTitles":["text"],"failureMessages":[],"fullName":"text no filtering = no change","location":null,"status":"passed","title":"no filtering = no change"}],"endTime":1633144639311,"message":"","name":"/home/runner/work/draftjs-filters/draftjs-filters/src/lib/filters/text.test.js","startTime":1633144639124,"status":"passed","summary":""},{"assertionResults":[{"ancestorTitles":["styles","#filterInlineStyles"],"failureMessages":[],"fullName":"styles #filterInlineStyles works","location":null,"status":"passed","title":"works"},{"ancestorTitles":["styles","#filterInlineStyles"],"failureMessages":[],"fullName":"styles #filterInlineStyles no filtering = no change","location":null,"status":"passed","title":"no filtering = no change"}],"endTime":1633144639516,"message":"","name":"/home/runner/work/draftjs-filters/draftjs-filters/src/lib/filters/styles.test.js","startTime":1633144639320,"status":"passed","summary":""},{"assertionResults":[{"ancestorTitles":["Image"],"failureMessages":[],"fullName":"Image renders","location":null,"status":"passed","title":"renders"},{"ancestorTitles":["Image"],"failureMessages":[],"fullName":"Image no entity","location":null,"status":"passed","title":"no entity"}],"endTime":1633144639725,"message":"","name":"/home/runner/work/draftjs-filters/draftjs-filters/src/demo/components/Image.test.js","startTime":1633144639526,"status":"passed","summary":""},{"assertionResults":[{"ancestorTitles":["demo"],"failureMessages":[],"fullName":"demo mount","location":null,"status":"passed","title":"mount"},{"ancestorTitles":["demo"],"failureMessages":[],"fullName":"demo no mount","location":null,"status":"passed","title":"no mount"}],"endTime":1633144640122,"message":"","name":"/home/runner/work/draftjs-filters/draftjs-filters/src/index.test.js","startTime":1633144639734,"status":"passed","summary":""},{"assertionResults":[{"ancestorTitles":["Highlight"],"failureMessages":[],"fullName":"Highlight renders","location":null,"status":"passed","title":"renders"},{"ancestorTitles":["Highlight"],"failureMessages":[],"fullName":"Highlight onCopy","location":null,"status":"passed","title":"onCopy"}],"endTime":1633144640323,"message":"","name":"/home/runner/work/draftjs-filters/draftjs-filters/src/demo/components/Highlight.test.js","startTime":1633144640145,"status":"passed","summary":""},{"assertionResults":[{"ancestorTitles":["Microsoft Word"],"failureMessages":[],"fullName":"Microsoft Word word2010-chrome62-win81","location":null,"status":"passed","title":"word2010-chrome62-win81"},{"ancestorTitles":["Microsoft Word"],"failureMessages":[],"fullName":"Microsoft Word word2010-firefox57-win81","location":null,"status":"passed","title":"word2010-firefox57-win81"},{"ancestorTitles":["Microsoft Word"],"failureMessages":[],"fullName":"Microsoft Word word2010-ie11-noequation-strippastedstyles-win81","location":null,"status":"passed","title":"word2010-ie11-noequation-strippastedstyles-win81"},{"ancestorTitles":["Microsoft Word"],"failureMessages":[],"fullName":"Microsoft Word word2010-ie11-noequation-win81","location":null,"status":"passed","title":"word2010-ie11-noequation-win81"},{"ancestorTitles":["Microsoft Word"],"failureMessages":[],"fullName":"Microsoft Word word-safari-ios11","location":null,"status":"passed","title":"word-safari-ios11"}],"endTime":1633144641343,"message":"","name":"/home/runner/work/draftjs-filters/draftjs-filters/src/tests/word.test.js","startTime":1633144640332,"status":"passed","summary":""},{"assertionResults":[{"ancestorTitles":["Dropbox Paper"],"failureMessages":[],"fullName":"Dropbox Paper dropboxpaper-chrome62-macos1013","location":null,"status":"passed","title":"dropboxpaper-chrome62-macos1013"},{"ancestorTitles":["Dropbox Paper"],"failureMessages":[],"fullName":"Dropbox Paper dropboxpaper-chrome62-win81","location":null,"status":"passed","title":"dropboxpaper-chrome62-win81"},{"ancestorTitles":["Dropbox Paper"],"failureMessages":[],"fullName":"Dropbox Paper dropboxpaper-edge16-win10","location":null,"status":"passed","title":"dropboxpaper-edge16-win10"},{"ancestorTitles":["Dropbox Paper"],"failureMessages":[],"fullName":"Dropbox Paper dropboxpaper-firefox57-macos1013","location":null,"status":"passed","title":"dropboxpaper-firefox57-macos1013"},{"ancestorTitles":["Dropbox Paper"],"failureMessages":[],"fullName":"Dropbox Paper dropboxpaper-firefox57-win81","location":null,"status":"passed","title":"dropboxpaper-firefox57-win81"},{"ancestorTitles":["Dropbox Paper"],"failureMessages":[],"fullName":"Dropbox Paper dropboxpaper-ie11-unsupported-strippastedstyles-win81","location":null,"status":"passed","title":"dropboxpaper-ie11-unsupported-strippastedstyles-win81"},{"ancestorTitles":["Dropbox Paper"],"failureMessages":[],"fullName":"Dropbox Paper dropboxpaper-ie11-unsupported-win81","location":null,"status":"passed","title":"dropboxpaper-ie11-unsupported-win81"},{"ancestorTitles":["Dropbox Paper"],"failureMessages":[],"fullName":"Dropbox Paper dropboxpaper-safari-ios11","location":null,"status":"passed","title":"dropboxpaper-safari-ios11"},{"ancestorTitles":["Dropbox Paper"],"failureMessages":[],"fullName":"Dropbox Paper dropboxpaper-safari11-macos1013","location":null,"status":"passed","title":"dropboxpaper-safari11-macos1013"}],"endTime":1633144642599,"message":"","name":"/home/runner/work/draftjs-filters/draftjs-filters/src/tests/paper.test.js","startTime":1633144641358,"status":"passed","summary":""},{"assertionResults":[{"ancestorTitles":["Word Online"],"failureMessages":[],"fullName":"Word Online wordonline-chrome62-macos1013","location":null,"status":"passed","title":"wordonline-chrome62-macos1013"},{"ancestorTitles":["Word Online"],"failureMessages":[],"fullName":"Word Online wordonline-chrome62-win81","location":null,"status":"passed","title":"wordonline-chrome62-win81"},{"ancestorTitles":["Word Online"],"failureMessages":[],"fullName":"Word Online wordonline-edge16-win10","location":null,"status":"passed","title":"wordonline-edge16-win10"},{"ancestorTitles":["Word Online"],"failureMessages":[],"fullName":"Word Online wordonline-firefox57-macos1013","location":null,"status":"passed","title":"wordonline-firefox57-macos1013"},{"ancestorTitles":["Word Online"],"failureMessages":[],"fullName":"Word Online wordonline-firefox57-win81","location":null,"status":"passed","title":"wordonline-firefox57-win81"},{"ancestorTitles":["Word Online"],"failureMessages":[],"fullName":"Word Online wordonline-safari11-macos1013","location":null,"status":"passed","title":"wordonline-safari11-macos1013"}],"endTime":1633144643623,"message":"","name":"/home/runner/work/draftjs-filters/draftjs-filters/src/tests/wordonline.test.js","startTime":1633144642616,"status":"passed","summary":""},{"assertionResults":[{"ancestorTitles":["Apple Pages"],"failureMessages":[],"fullName":"Apple Pages applepages-chrome62-macos1013","location":null,"status":"passed","title":"applepages-chrome62-macos1013"},{"ancestorTitles":["Apple Pages"],"failureMessages":[],"fullName":"Apple Pages applepages-firefox57-macos1013","location":null,"status":"passed","title":"applepages-firefox57-macos1013"},{"ancestorTitles":["Apple Pages"],"failureMessages":[],"fullName":"Apple Pages applepages-safari-ios11","location":null,"status":"passed","title":"applepages-safari-ios11"},{"ancestorTitles":["Apple Pages"],"failureMessages":[],"fullName":"Apple Pages applepages-safari11-macos1013","location":null,"status":"passed","title":"applepages-safari11-macos1013"}],"endTime":1633144644748,"message":"","name":"/home/runner/work/draftjs-filters/draftjs-filters/src/tests/pages.test.js","startTime":1633144643639,"status":"passed","summary":""},{"assertionResults":[{"ancestorTitles":["Google Docs"],"failureMessages":[],"fullName":"Google Docs googledocs-chrome62-macos1013","location":null,"status":"passed","title":"googledocs-chrome62-macos1013"},{"ancestorTitles":["Google Docs"],"failureMessages":[],"fullName":"Google Docs googledocs-chrome62-win81","location":null,"status":"passed","title":"googledocs-chrome62-win81"},{"ancestorTitles":["Google Docs"],"failureMessages":[],"fullName":"Google Docs googledocs-edge16-win10","location":null,"status":"passed","title":"googledocs-edge16-win10"},{"ancestorTitles":["Google Docs"],"failureMessages":[],"fullName":"Google Docs googledocs-firefox57-macos1013","location":null,"status":"passed","title":"googledocs-firefox57-macos1013"},{"ancestorTitles":["Google Docs"],"failureMessages":[],"fullName":"Google Docs googledocs-firefox57-win81","location":null,"status":"passed","title":"googledocs-firefox57-win81"},{"ancestorTitles":["Google Docs"],"failureMessages":[],"fullName":"Google Docs googledocs-ie11-strippastedstyles-win81","location":null,"status":"passed","title":"googledocs-ie11-strippastedstyles-win81"},{"ancestorTitles":["Google Docs"],"failureMessages":[],"fullName":"Google Docs googledocs-ie11-win81","location":null,"status":"passed","title":"googledocs-ie11-win81"},{"ancestorTitles":["Google Docs"],"failureMessages":[],"fullName":"Google Docs googledocs-safari-ios11","location":null,"status":"passed","title":"googledocs-safari-ios11"},{"ancestorTitles":["Google Docs"],"failureMessages":[],"fullName":"Google Docs googledocs-safari11-macos1013","location":null,"status":"passed","title":"googledocs-safari11-macos1013"}],"endTime":1633144645967,"message":"","name":"/home/runner/work/draftjs-filters/draftjs-filters/src/tests/docs.test.js","startTime":1633144644767,"status":"passed","summary":""},{"assertionResults":[{"ancestorTitles":["Draft.js"],"failureMessages":[],"fullName":"Draft.js draftjs-chrome64-macos1013","location":null,"status":"passed","title":"draftjs-chrome64-macos1013"}],"endTime":1633144646417,"message":"","name":"/home/runner/work/draftjs-filters/draftjs-filters/src/tests/draftjs.test.js","startTime":1633144645984,"status":"passed","summary":""},{"assertionResults":[{"ancestorTitles":["App"],"failureMessages":[],"fullName":"App renders","location":null,"status":"passed","title":"renders"}],"endTime":1633144646630,"message":"","name":"/home/runner/work/draftjs-filters/draftjs-filters/src/demo/components/App.test.js","startTime":1633144646431,"status":"passed","summary":""}],"wasInterrupted":false,"coverageMap":{"/home/runner/work/draftjs-filters/draftjs-filters/src/lib/constants.js":{"path":"/home/runner/work/draftjs-filters/draftjs-filters/src/lib/constants.js","statementMap":{"0":{"start":{"line":2,"column":22},"end":{"line":2,"column":30}},"1":{"start":{"line":3,"column":24},"end":{"line":3,"column":34}},"2":{"start":{"line":4,"column":35},"end":{"line":4,"column":56}},"3":{"start":{"line":5,"column":33},"end":{"line":5,"column":52}},"4":{"start":{"line":7,"column":21},"end":{"line":7,"column":28}}},"fnMap":{},"branchMap":{},"s":{"0":17,"1":17,"2":17,"3":17,"4":17},"f":{},"b":{},"_coverageSchema":"1a1c01bbd47fc00a2c39e90264f33305004495a9","hash":"c5f2264770a4a587e54f82e4016fb296dc42ca30"},"/home/runner/work/draftjs-filters/draftjs-filters/src/lib/filters/entities.js":{"path":"/home/runner/work/draftjs-filters/draftjs-filters/src/lib/filters/entities.js","statementMap":{"0":{"start":{"line":10,"column":29},"end":{"line":68,"column":1}},"1":{"start":{"line":11,"column":19},"end":{"line":11,"column":26}},"2":{"start":{"line":12,"column":19},"end":{"line":12,"column":43}},"3":{"start":{"line":14,"column":30},"end":{"line":14,"column":32}},"4":{"start":{"line":17,"column":28},"end":{"line":29,"column":3}},"5":{"start":{"line":18,"column":16},"end":{"line":18,"column":37}},"6":{"start":{"line":20,"column":4},"end":{"line":26,"column":5}},"7":{"start":{"line":21,"column":6},"end":{"line":23,"column":7}},"8":{"start":{"line":22,"column":8},"end":{"line":22,"column":19}},"9":{"start":{"line":25,"column":6},"end":{"line":25,"column":35}},"10":{"start":{"line":28,"column":4},"end":{"line":28,"column":16}},"11":{"start":{"line":32,"column":17},"end":{"line":63,"column":4}},"12":{"start":{"line":33,"column":19},"end":{"line":33,"column":43}},"13":{"start":{"line":34,"column":18},"end":{"line":34,"column":23}},"14":{"start":{"line":37,"column":33},"end":{"line":58,"column":5}},"15":{"start":{"line":38,"column":18},"end":{"line":38,"column":49}},"16":{"start":{"line":39,"column":21},"end":{"line":39,"column":46}},"17":{"start":{"line":41,"column":6},"end":{"line":45,"column":7}},"18":{"start":{"line":46,"column":21},"end":{"line":46,"column":57}},"19":{"start":{"line":49,"column":6},"end":{"line":55,"column":8}},"20":{"start":{"line":50,"column":8},"end":{"line":52,"column":9}},"21":{"start":{"line":51,"column":10},"end":{"line":51,"column":60}},"22":{"start":{"line":54,"column":8},"end":{"line":54,"column":19}},"23":{"start":{"line":57,"column":6},"end":{"line":57,"column":20}},"24":{"start":{"line":60,"column":4},"end":{"line":60,"column":67}},"25":{"start":{"line":62,"column":4},"end":{"line":62,"column":65}},"26":{"start":{"line":65,"column":2},"end":{"line":67,"column":4}},"27":{"start":{"line":77,"column":34},"end":{"line":119,"column":1}},"28":{"start":{"line":85,"column":19},"end":{"line":85,"column":40}},"29":{"start":{"line":95,"column":17},"end":{"line":114,"column":4}},"30":{"start":{"line":96,"column":18},"end":{"line":96,"column":23}},"31":{"start":{"line":98,"column":18},"end":{"line":111,"column":6}},"32":{"start":{"line":99,"column":24},"end":{"line":99,"column":40}},"33":{"start":{"line":101,"column":6},"end":{"line":108,"column":7}},"34":{"start":{"line":102,"column":29},"end":{"line":102,"column":65}},"35":{"start":{"line":104,"column":8},"end":{"line":107,"column":9}},"36":{"start":{"line":105,"column":10},"end":{"line":105,"column":24}},"37":{"start":{"line":106,"column":10},"end":{"line":106,"column":58}},"38":{"start":{"line":110,"column":6},"end":{"line":110,"column":17}},"39":{"start":{"line":113,"column":4},"end":{"line":113,"column":62}},"40":{"start":{"line":116,"column":2},"end":{"line":118,"column":4}},"41":{"start":{"line":124,"column":36},"end":{"line":129,"column":1}},"42":{"start":{"line":128,"column":2},"end":{"line":128,"column":47}},"43":{"start":{"line":128,"column":31},"end":{"line":128,"column":46}},"44":{"start":{"line":135,"column":39},"end":{"line":140,"column":1}},"45":{"start":{"line":139,"column":2},"end":{"line":139,"column":53}},"46":{"start":{"line":145,"column":43},"end":{"line":181,"column":1}},"47":{"start":{"line":159,"column":17},"end":{"line":159,"column":63}},"48":{"start":{"line":159,"column":41},"end":{"line":159,"column":62}},"49":{"start":{"line":162,"column":4},"end":{"line":166,"column":10}},"50":{"start":{"line":168,"column":18},"end":{"line":178,"column":4}},"51":{"start":{"line":169,"column":18},"end":{"line":169,"column":33}},"52":{"start":{"line":171,"column":4},"end":{"line":175,"column":5}},"53":{"start":{"line":172,"column":22},"end":{"line":172,"column":47}},"54":{"start":{"line":174,"column":6},"end":{"line":174,"column":39}},"55":{"start":{"line":177,"column":4},"end":{"line":177,"column":45}},"56":{"start":{"line":180,"column":2},"end":{"line":180,"column":16}},"57":{"start":{"line":188,"column":32},"end":{"line":232,"column":1}},"58":{"start":{"line":195,"column":19},"end":{"line":195,"column":26}},"59":{"start":{"line":196,"column":19},"end":{"line":196,"column":21}},"60":{"start":{"line":198,"column":2},"end":{"line":206,"column":4}},"61":{"start":{"line":199,"column":4},"end":{"line":205,"column":6}},"62":{"start":{"line":200,"column":24},"end":{"line":200,"column":40}},"63":{"start":{"line":201,"column":6},"end":{"line":204,"column":7}},"64":{"start":{"line":202,"column":23},"end":{"line":202,"column":54}},"65":{"start":{"line":203,"column":8},"end":{"line":203,"column":36}},"66":{"start":{"line":208,"column":2},"end":{"line":229,"column":4}},"67":{"start":{"line":209,"column":19},"end":{"line":209,"column":32}},"68":{"start":{"line":210,"column":17},"end":{"line":210,"column":33}},"69":{"start":{"line":211,"column":19},"end":{"line":211,"column":71}},"70":{"start":{"line":211,"column":43},"end":{"line":211,"column":70}},"71":{"start":{"line":212,"column":22},"end":{"line":212,"column":55}},"72":{"start":{"line":215,"column":4},"end":{"line":217,"column":5}},"73":{"start":{"line":216,"column":6},"end":{"line":216,"column":17}},"74":{"start":{"line":219,"column":20},"end":{"line":226,"column":10}},"75":{"start":{"line":221,"column":6},"end":{"line":223,"column":7}},"76":{"start":{"line":222,"column":8},"end":{"line":222,"column":32}},"77":{"start":{"line":225,"column":6},"end":{"line":225,"column":18}},"78":{"start":{"line":228,"column":4},"end":{"line":228,"column":59}},"79":{"start":{"line":231,"column":2},"end":{"line":231,"column":19}}},"fnMap":{"0":{"name":"(anonymous_0)","decl":{"start":{"line":10,"column":29},"end":{"line":10,"column":30}},"loc":{"start":{"line":10,"column":56},"end":{"line":68,"column":1}},"line":10},"1":{"name":"(anonymous_1)","decl":{"start":{"line":17,"column":28},"end":{"line":17,"column":29}},"loc":{"start":{"line":17,"column":43},"end":{"line":29,"column":3}},"line":17},"2":{"name":"(anonymous_2)","decl":{"start":{"line":32,"column":30},"end":{"line":32,"column":31}},"loc":{"start":{"line":32,"column":41},"end":{"line":63,"column":3}},"line":32},"3":{"name":"(anonymous_3)","decl":{"start":{"line":37,"column":33},"end":{"line":37,"column":34}},"loc":{"start":{"line":37,"column":49},"end":{"line":58,"column":5}},"line":37},"4":{"name":"(anonymous_4)","decl":{"start":{"line":49,"column":30},"end":{"line":49,"column":31}},"loc":{"start":{"line":49,"column":43},"end":{"line":55,"column":7}},"line":49},"5":{"name":"(anonymous_5)","decl":{"start":{"line":77,"column":34},"end":{"line":77,"column":35}},"loc":{"start":{"line":84,"column":5},"end":{"line":119,"column":1}},"line":84},"6":{"name":"(anonymous_6)","decl":{"start":{"line":95,"column":30},"end":{"line":95,"column":31}},"loc":{"start":{"line":95,"column":41},"end":{"line":114,"column":3}},"line":95},"7":{"name":"(anonymous_7)","decl":{"start":{"line":98,"column":47},"end":{"line":98,"column":48}},"loc":{"start":{"line":98,"column":57},"end":{"line":111,"column":5}},"line":98},"8":{"name":"(anonymous_8)","decl":{"start":{"line":124,"column":36},"end":{"line":124,"column":37}},"loc":{"start":{"line":127,"column":5},"end":{"line":129,"column":1}},"line":127},"9":{"name":"(anonymous_9)","decl":{"start":{"line":128,"column":24},"end":{"line":128,"column":25}},"loc":{"start":{"line":128,"column":31},"end":{"line":128,"column":46}},"line":128},"10":{"name":"(anonymous_10)","decl":{"start":{"line":135,"column":39},"end":{"line":135,"column":40}},"loc":{"start":{"line":138,"column":5},"end":{"line":140,"column":1}},"line":138},"11":{"name":"(anonymous_11)","decl":{"start":{"line":145,"column":43},"end":{"line":145,"column":44}},"loc":{"start":{"line":158,"column":5},"end":{"line":181,"column":1}},"line":158},"12":{"name":"(anonymous_12)","decl":{"start":{"line":159,"column":34},"end":{"line":159,"column":35}},"loc":{"start":{"line":159,"column":41},"end":{"line":159,"column":62}},"line":159},"13":{"name":"(anonymous_13)","decl":{"start":{"line":168,"column":47},"end":{"line":168,"column":48}},"loc":{"start":{"line":168,"column":57},"end":{"line":178,"column":3}},"line":168},"14":{"name":"(anonymous_14)","decl":{"start":{"line":188,"column":32},"end":{"line":188,"column":33}},"loc":{"start":{"line":194,"column":5},"end":{"line":232,"column":1}},"line":194},"15":{"name":"(anonymous_15)","decl":{"start":{"line":198,"column":35},"end":{"line":198,"column":36}},"loc":{"start":{"line":198,"column":46},"end":{"line":206,"column":3}},"line":198},"16":{"name":"(anonymous_16)","decl":{"start":{"line":199,"column":27},"end":{"line":199,"column":28}},"loc":{"start":{"line":199,"column":37},"end":{"line":205,"column":5}},"line":199},"17":{"name":"(anonymous_17)","decl":{"start":{"line":208,"column":32},"end":{"line":208,"column":33}},"loc":{"start":{"line":208,"column":41},"end":{"line":229,"column":3}},"line":208},"18":{"name":"(anonymous_18)","decl":{"start":{"line":211,"column":36},"end":{"line":211,"column":37}},"loc":{"start":{"line":211,"column":43},"end":{"line":211,"column":70}},"line":211},"19":{"name":"(anonymous_19)","decl":{"start":{"line":219,"column":37},"end":{"line":219,"column":38}},"loc":{"start":{"line":219,"column":54},"end":{"line":226,"column":5}},"line":219}},"branchMap":{"0":{"loc":{"start":{"line":20,"column":4},"end":{"line":26,"column":5}},"type":"if","locations":[{"start":{"line":20,"column":4},"end":{"line":26,"column":5}},{"start":{"line":20,"column":4},"end":{"line":26,"column":5}}],"line":20},"1":{"loc":{"start":{"line":21,"column":6},"end":{"line":23,"column":7}},"type":"if","locations":[{"start":{"line":21,"column":6},"end":{"line":23,"column":7}},{"start":{"line":21,"column":6},"end":{"line":23,"column":7}}],"line":21},"2":{"loc":{"start":{"line":50,"column":8},"end":{"line":52,"column":9}},"type":"if","locations":[{"start":{"line":50,"column":8},"end":{"line":52,"column":9}},{"start":{"line":50,"column":8},"end":{"line":52,"column":9}}],"line":50},"3":{"loc":{"start":{"line":50,"column":12},"end":{"line":50,"column":34}},"type":"binary-expr","locations":[{"start":{"line":50,"column":12},"end":{"line":50,"column":22}},{"start":{"line":50,"column":26},"end":{"line":50,"column":34}}],"line":50},"4":{"loc":{"start":{"line":62,"column":11},"end":{"line":62,"column":65}},"type":"cond-expr","locations":[{"start":{"line":62,"column":21},"end":{"line":62,"column":57}},{"start":{"line":62,"column":60},"end":{"line":62,"column":65}}],"line":62},"5":{"loc":{"start":{"line":101,"column":6},"end":{"line":108,"column":7}},"type":"if","locations":[{"start":{"line":101,"column":6},"end":{"line":108,"column":7}},{"start":{"line":101,"column":6},"end":{"line":108,"column":7}}],"line":101},"6":{"loc":{"start":{"line":104,"column":8},"end":{"line":107,"column":9}},"type":"if","locations":[{"start":{"line":104,"column":8},"end":{"line":107,"column":9}},{"start":{"line":104,"column":8},"end":{"line":107,"column":9}}],"line":104},"7":{"loc":{"start":{"line":113,"column":11},"end":{"line":113,"column":62}},"type":"cond-expr","locations":[{"start":{"line":113,"column":21},"end":{"line":113,"column":54}},{"start":{"line":113,"column":57},"end":{"line":113,"column":62}}],"line":113},"8":{"loc":{"start":{"line":139,"column":9},"end":{"line":139,"column":53}},"type":"binary-expr","locations":[{"start":{"line":139,"column":9},"end":{"line":139,"column":29}},{"start":{"line":139,"column":33},"end":{"line":139,"column":53}}],"line":139},"9":{"loc":{"start":{"line":162,"column":4},"end":{"line":166,"column":10}},"type":"cond-expr","locations":[{"start":{"line":163,"column":8},"end":{"line":163,"column":24}},{"start":{"line":164,"column":8},"end":{"line":166,"column":10}}],"line":162},"10":{"loc":{"start":{"line":162,"column":4},"end":{"line":162,"column":30}},"type":"binary-expr","locations":[{"start":{"line":162,"column":4},"end":{"line":162,"column":10}},{"start":{"line":162,"column":14},"end":{"line":162,"column":30}}],"line":162},"11":{"loc":{"start":{"line":164,"column":8},"end":{"line":166,"column":10}},"type":"cond-expr","locations":[{"start":{"line":165,"column":8},"end":{"line":165,"column":24}},{"start":{"line":166,"column":8},"end":{"line":166,"column":10}}],"line":164},"12":{"loc":{"start":{"line":164,"column":8},"end":{"line":164,"column":34}},"type":"binary-expr","locations":[{"start":{"line":164,"column":8},"end":{"line":164,"column":14}},{"start":{"line":164,"column":18},"end":{"line":164,"column":34}}],"line":164},"13":{"loc":{"start":{"line":171,"column":4},"end":{"line":175,"column":5}},"type":"if","locations":[{"start":{"line":171,"column":4},"end":{"line":175,"column":5}},{"start":{"line":171,"column":4},"end":{"line":175,"column":5}}],"line":171},"14":{"loc":{"start":{"line":174,"column":13},"end":{"line":174,"column":39}},"type":"cond-expr","locations":[{"start":{"line":174,"column":21},"end":{"line":174,"column":28}},{"start":{"line":174,"column":31},"end":{"line":174,"column":39}}],"line":174},"15":{"loc":{"start":{"line":201,"column":6},"end":{"line":204,"column":7}},"type":"if","locations":[{"start":{"line":201,"column":6},"end":{"line":204,"column":7}},{"start":{"line":201,"column":6},"end":{"line":204,"column":7}}],"line":201},"16":{"loc":{"start":{"line":212,"column":22},"end":{"line":212,"column":55}},"type":"cond-expr","locations":[{"start":{"line":212,"column":31},"end":{"line":212,"column":48}},{"start":{"line":212,"column":51},"end":{"line":212,"column":55}}],"line":212},"17":{"loc":{"start":{"line":215,"column":4},"end":{"line":217,"column":5}},"type":"if","locations":[{"start":{"line":215,"column":4},"end":{"line":217,"column":5}},{"start":{"line":215,"column":4},"end":{"line":217,"column":5}}],"line":215},"18":{"loc":{"start":{"line":221,"column":6},"end":{"line":223,"column":7}},"type":"if","locations":[{"start":{"line":221,"column":6},"end":{"line":223,"column":7}},{"start":{"line":221,"column":6},"end":{"line":223,"column":7}}],"line":221}},"s":{"0":15,"1":78,"2":78,"3":78,"4":78,"5":4735,"6":4735,"7":278,"8":11,"9":267,"10":4724,"11":78,"12":5135,"13":5135,"14":5135,"15":11,"16":11,"17":11,"18":11,"19":11,"20":43,"21":24,"22":19,"23":11,"24":5135,"25":5135,"26":78,"27":15,"28":86,"29":86,"30":5183,"31":5183,"32":99368,"33":99368,"34":6064,"35":6064,"36":231,"37":231,"38":99137,"39":5183,"40":86,"41":15,"42":6053,"43":6247,"44":15,"45":5907,"46":15,"47":6056,"48":6241,"49":6056,"50":6056,"51":6013,"52":6013,"53":6,"54":6,"55":6007,"56":6056,"57":15,"58":80,"59":80,"60":80,"61":5136,"62":4734,"63":4734,"64":278,"65":278,"66":80,"67":270,"68":270,"69":270,"70":322,"71":270,"72":270,"73":2,"74":268,"75":269,"76":264,"77":269,"78":268,"79":80},"f":{"0":78,"1":4735,"2":5135,"3":11,"4":43,"5":86,"6":5183,"7":99368,"8":6053,"9":6247,"10":5907,"11":6056,"12":6241,"13":6013,"14":80,"15":5136,"16":4734,"17":270,"18":322,"19":269},"b":{"0":[278,4457],"1":[11,267],"2":[24,19],"3":[43,28],"4":[10,5125],"5":[6064,93304],"6":[231,5833],"7":[69,5114],"8":[5907,133],"9":[6053,3],"10":[6056,6055],"11":[1,2],"12":[3,2],"13":[6,6007],"14":[3,3],"15":[278,4456],"16":[269,1],"17":[2,268],"18":[264,5]},"_coverageSchema":"1a1c01bbd47fc00a2c39e90264f33305004495a9","hash":"1ee625ff7dab3d450a967b45c1f78d7e9d987e86"},"/home/runner/work/draftjs-filters/draftjs-filters/src/lib/filters/atomic.js":{"path":"/home/runner/work/draftjs-filters/draftjs-filters/src/lib/filters/atomic.js","statementMap":{"0":{"start":{"line":12,"column":36},"end":{"line":32,"column":1}},"1":{"start":{"line":13,"column":19},"end":{"line":13,"column":40}},"2":{"start":{"line":15,"column":26},"end":{"line":23,"column":46}},"3":{"start":{"line":17,"column":19},"end":{"line":17,"column":34}},"4":{"start":{"line":18,"column":24},"end":{"line":18,"column":44}},"5":{"start":{"line":19,"column":29},"end":{"line":19,"column":75}},"6":{"start":{"line":21,"column":6},"end":{"line":21,"column":27}},"7":{"start":{"line":23,"column":20},"end":{"line":23,"column":45}},"8":{"start":{"line":25,"column":2},"end":{"line":29,"column":3}},"9":{"start":{"line":26,"column":4},"end":{"line":28,"column":6}},"10":{"start":{"line":31,"column":2},"end":{"line":31,"column":16}},"11":{"start":{"line":38,"column":33},"end":{"line":76,"column":1}},"12":{"start":{"line":39,"column":19},"end":{"line":39,"column":40}},"13":{"start":{"line":40,"column":15},"end":{"line":40,"column":23}},"14":{"start":{"line":42,"column":27},"end":{"line":67,"column":6}},"15":{"start":{"line":45,"column":8},"end":{"line":46,"column":73}},"16":{"start":{"line":50,"column":20},"end":{"line":61,"column":10}},"17":{"start":{"line":54,"column":24},"end":{"line":54,"column":28}},"18":{"start":{"line":56,"column":10},"end":{"line":58,"column":12}},"19":{"start":{"line":57,"column":12},"end":{"line":57,"column":66}},"20":{"start":{"line":60,"column":10},"end":{"line":60,"column":24}},"21":{"start":{"line":63,"column":6},"end":{"line":66,"column":8}},"22":{"start":{"line":69,"column":2},"end":{"line":71,"column":3}},"23":{"start":{"line":70,"column":4},"end":{"line":70,"column":43}},"24":{"start":{"line":73,"column":2},"end":{"line":75,"column":4}},"25":{"start":{"line":81,"column":41},"end":{"line":115,"column":1}},"26":{"start":{"line":85,"column":19},"end":{"line":85,"column":40}},"27":{"start":{"line":87,"column":29},"end":{"line":104,"column":3}},"28":{"start":{"line":88,"column":4},"end":{"line":90,"column":5}},"29":{"start":{"line":89,"column":6},"end":{"line":89,"column":17}},"30":{"start":{"line":92,"column":22},"end":{"line":92,"column":42}},"31":{"start":{"line":95,"column":4},"end":{"line":101,"column":5}},"32":{"start":{"line":96,"column":19},"end":{"line":96,"column":57}},"33":{"start":{"line":98,"column":6},"end":{"line":98,"column":54}},"34":{"start":{"line":98,"column":38},"end":{"line":98,"column":53}},"35":{"start":{"line":100,"column":6},"end":{"line":100,"column":21}},"36":{"start":{"line":103,"column":4},"end":{"line":103,"column":18}},"37":{"start":{"line":106,"column":25},"end":{"line":106,"column":60}},"38":{"start":{"line":108,"column":2},"end":{"line":112,"column":3}},"39":{"start":{"line":109,"column":4},"end":{"line":111,"column":6}},"40":{"start":{"line":114,"column":2},"end":{"line":114,"column":16}}},"fnMap":{"0":{"name":"(anonymous_0)","decl":{"start":{"line":12,"column":36},"end":{"line":12,"column":37}},"loc":{"start":{"line":12,"column":63},"end":{"line":32,"column":1}},"line":12},"1":{"name":"(anonymous_1)","decl":{"start":{"line":16,"column":12},"end":{"line":16,"column":13}},"loc":{"start":{"line":16,"column":23},"end":{"line":22,"column":5}},"line":16},"2":{"name":"(anonymous_2)","decl":{"start":{"line":23,"column":9},"end":{"line":23,"column":10}},"loc":{"start":{"line":23,"column":20},"end":{"line":23,"column":45}},"line":23},"3":{"name":"(anonymous_3)","decl":{"start":{"line":38,"column":33},"end":{"line":38,"column":34}},"loc":{"start":{"line":38,"column":60},"end":{"line":76,"column":1}},"line":38},"4":{"name":"(anonymous_4)","decl":{"start":{"line":44,"column":6},"end":{"line":44,"column":7}},"loc":{"start":{"line":45,"column":8},"end":{"line":46,"column":73}},"line":45},"5":{"name":"(anonymous_5)","decl":{"start":{"line":48,"column":9},"end":{"line":48,"column":10}},"loc":{"start":{"line":48,"column":20},"end":{"line":67,"column":5}},"line":48},"6":{"name":"(anonymous_6)","decl":{"start":{"line":53,"column":13},"end":{"line":53,"column":14}},"loc":{"start":{"line":53,"column":23},"end":{"line":61,"column":9}},"line":53},"7":{"name":"(anonymous_7)","decl":{"start":{"line":56,"column":34},"end":{"line":56,"column":35}},"loc":{"start":{"line":56,"column":44},"end":{"line":58,"column":11}},"line":56},"8":{"name":"(anonymous_8)","decl":{"start":{"line":81,"column":41},"end":{"line":81,"column":42}},"loc":{"start":{"line":84,"column":5},"end":{"line":115,"column":1}},"line":84},"9":{"name":"(anonymous_9)","decl":{"start":{"line":87,"column":29},"end":{"line":87,"column":30}},"loc":{"start":{"line":87,"column":40},"end":{"line":104,"column":3}},"line":87},"10":{"name":"(anonymous_10)","decl":{"start":{"line":98,"column":31},"end":{"line":98,"column":32}},"loc":{"start":{"line":98,"column":38},"end":{"line":98,"column":53}},"line":98}},"branchMap":{"0":{"loc":{"start":{"line":19,"column":29},"end":{"line":19,"column":75}},"type":"binary-expr","locations":[{"start":{"line":19,"column":29},"end":{"line":19,"column":38}},{"start":{"line":19,"column":42},"end":{"line":19,"column":75}}],"line":19},"1":{"loc":{"start":{"line":25,"column":2},"end":{"line":29,"column":3}},"type":"if","locations":[{"start":{"line":25,"column":2},"end":{"line":29,"column":3}},{"start":{"line":25,"column":2},"end":{"line":29,"column":3}}],"line":25},"2":{"loc":{"start":{"line":45,"column":8},"end":{"line":46,"column":73}},"type":"binary-expr","locations":[{"start":{"line":45,"column":8},"end":{"line":45,"column":34}},{"start":{"line":46,"column":9},"end":{"line":46,"column":32}},{"start":{"line":46,"column":36},"end":{"line":46,"column":72}}],"line":45},"3":{"loc":{"start":{"line":69,"column":2},"end":{"line":71,"column":3}},"type":"if","locations":[{"start":{"line":69,"column":2},"end":{"line":71,"column":3}},{"start":{"line":69,"column":2},"end":{"line":71,"column":3}}],"line":69},"4":{"loc":{"start":{"line":88,"column":4},"end":{"line":90,"column":5}},"type":"if","locations":[{"start":{"line":88,"column":4},"end":{"line":90,"column":5}},{"start":{"line":88,"column":4},"end":{"line":90,"column":5}}],"line":88},"5":{"loc":{"start":{"line":95,"column":4},"end":{"line":101,"column":5}},"type":"if","locations":[{"start":{"line":95,"column":4},"end":{"line":101,"column":5}},{"start":{"line":95,"column":4},"end":{"line":101,"column":5}}],"line":95},"6":{"loc":{"start":{"line":108,"column":2},"end":{"line":112,"column":3}},"type":"if","locations":[{"start":{"line":108,"column":2},"end":{"line":112,"column":3}},{"start":{"line":108,"column":2},"end":{"line":112,"column":3}}],"line":108}},"s":{"0":15,"1":86,"2":86,"3":5184,"4":5184,"5":5184,"6":5184,"7":86,"8":86,"9":32,"10":54,"11":15,"12":86,"13":86,"14":86,"15":5182,"16":52,"17":52,"18":52,"19":3,"20":52,"21":52,"22":86,"23":23,"24":86,"25":15,"26":86,"27":86,"28":5181,"29":5092,"30":89,"31":89,"32":58,"33":58,"34":97,"35":31,"36":89,"37":86,"38":86,"39":15,"40":71},"f":{"0":86,"1":5184,"2":86,"3":86,"4":5182,"5":52,"6":52,"7":3,"8":86,"9":5181,"10":97},"b":{"0":[5184,112],"1":[32,54],"2":[5182,90,41],"3":[23,63],"4":[5092,89],"5":[58,31],"6":[15,71]},"_coverageSchema":"1a1c01bbd47fc00a2c39e90264f33305004495a9","hash":"acf8e2b78497918bea49d59a2eca00a09588ffb3"},"/home/runner/work/draftjs-filters/draftjs-filters/src/lib/filters/blocks.js":{"path":"/home/runner/work/draftjs-filters/draftjs-filters/src/lib/filters/blocks.js","statementMap":{"0":{"start":{"line":9,"column":40},"end":{"line":29,"column":1}},"1":{"start":{"line":10,"column":19},"end":{"line":10,"column":40}},"2":{"start":{"line":12,"column":28},"end":{"line":18,"column":3}},"3":{"start":{"line":13,"column":24},"end":{"line":15,"column":5}},"4":{"start":{"line":17,"column":4},"end":{"line":17,"column":48}},"5":{"start":{"line":20,"column":25},"end":{"line":20,"column":59}},"6":{"start":{"line":22,"column":2},"end":{"line":26,"column":3}},"7":{"start":{"line":23,"column":4},"end":{"line":25,"column":6}},"8":{"start":{"line":28,"column":2},"end":{"line":28,"column":16}},"9":{"start":{"line":38,"column":35},"end":{"line":104,"column":1}},"10":{"start":{"line":46,"column":19},"end":{"line":46,"column":40}},"11":{"start":{"line":48,"column":17},"end":{"line":97,"column":6}},"12":{"start":{"line":49,"column":23},"end":{"line":49,"column":53}},"13":{"start":{"line":51,"column":19},"end":{"line":51,"column":34}},"14":{"start":{"line":52,"column":21},"end":{"line":52,"column":26}},"15":{"start":{"line":55,"column":27},"end":{"line":58,"column":8}},"16":{"start":{"line":56,"column":8},"end":{"line":56,"column":48}},"17":{"start":{"line":57,"column":8},"end":{"line":57,"column":29}},"18":{"start":{"line":60,"column":6},"end":{"line":94,"column":7}},"19":{"start":{"line":61,"column":21},"end":{"line":61,"column":36}},"20":{"start":{"line":62,"column":23},"end":{"line":62,"column":43}},"21":{"start":{"line":66,"column":8},"end":{"line":68,"column":9}},"22":{"start":{"line":67,"column":10},"end":{"line":67,"column":25}},"23":{"start":{"line":77,"column":28},"end":{"line":77,"column":43}},"24":{"start":{"line":81,"column":20},"end":{"line":81,"column":44}},"25":{"start":{"line":82,"column":26},"end":{"line":82,"column":27}},"26":{"start":{"line":83,"column":8},"end":{"line":86,"column":9}},"27":{"start":{"line":84,"column":10},"end":{"line":84,"column":31}},"28":{"start":{"line":85,"column":10},"end":{"line":85,"column":23}},"29":{"start":{"line":88,"column":8},"end":{"line":93,"column":10}},"30":{"start":{"line":96,"column":6},"end":{"line":96,"column":21}},"31":{"start":{"line":99,"column":2},"end":{"line":103,"column":8}},"32":{"start":{"line":109,"column":31},"end":{"line":121,"column":1}},"33":{"start":{"line":110,"column":19},"end":{"line":110,"column":40}},"34":{"start":{"line":112,"column":24},"end":{"line":114,"column":44}},"35":{"start":{"line":113,"column":23},"end":{"line":113,"column":45}},"36":{"start":{"line":114,"column":20},"end":{"line":114,"column":43}},"37":{"start":{"line":116,"column":2},"end":{"line":120,"column":8}},"38":{"start":{"line":127,"column":32},"end":{"line":147,"column":1}},"39":{"start":{"line":131,"column":19},"end":{"line":131,"column":40}},"40":{"start":{"line":133,"column":24},"end":{"line":140,"column":5}},"41":{"start":{"line":134,"column":23},"end":{"line":134,"column":59}},"42":{"start":{"line":136,"column":6},"end":{"line":139,"column":8}},"43":{"start":{"line":142,"column":2},"end":{"line":146,"column":8}}},"fnMap":{"0":{"name":"(anonymous_0)","decl":{"start":{"line":9,"column":40},"end":{"line":9,"column":41}},"loc":{"start":{"line":9,"column":67},"end":{"line":29,"column":1}},"line":9},"1":{"name":"(anonymous_1)","decl":{"start":{"line":12,"column":28},"end":{"line":12,"column":29}},"loc":{"start":{"line":12,"column":39},"end":{"line":18,"column":3}},"line":12},"2":{"name":"(anonymous_2)","decl":{"start":{"line":38,"column":35},"end":{"line":38,"column":36}},"loc":{"start":{"line":45,"column":5},"end":{"line":104,"column":1}},"line":45},"3":{"name":"(anonymous_3)","decl":{"start":{"line":49,"column":12},"end":{"line":49,"column":13}},"loc":{"start":{"line":49,"column":23},"end":{"line":49,"column":53}},"line":49},"4":{"name":"(anonymous_4)","decl":{"start":{"line":50,"column":9},"end":{"line":50,"column":10}},"loc":{"start":{"line":50,"column":20},"end":{"line":97,"column":5}},"line":50},"5":{"name":"(anonymous_5)","decl":{"start":{"line":55,"column":38},"end":{"line":55,"column":39}},"loc":{"start":{"line":55,"column":48},"end":{"line":58,"column":7}},"line":55},"6":{"name":"(anonymous_6)","decl":{"start":{"line":109,"column":31},"end":{"line":109,"column":32}},"loc":{"start":{"line":109,"column":71},"end":{"line":121,"column":1}},"line":109},"7":{"name":"(anonymous_7)","decl":{"start":{"line":113,"column":12},"end":{"line":113,"column":13}},"loc":{"start":{"line":113,"column":23},"end":{"line":113,"column":45}},"line":113},"8":{"name":"(anonymous_8)","decl":{"start":{"line":114,"column":9},"end":{"line":114,"column":10}},"loc":{"start":{"line":114,"column":20},"end":{"line":114,"column":43}},"line":114},"9":{"name":"(anonymous_9)","decl":{"start":{"line":127,"column":32},"end":{"line":127,"column":33}},"loc":{"start":{"line":130,"column":5},"end":{"line":147,"column":1}},"line":130},"10":{"name":"(anonymous_10)","decl":{"start":{"line":134,"column":12},"end":{"line":134,"column":13}},"loc":{"start":{"line":134,"column":23},"end":{"line":134,"column":59}},"line":134},"11":{"name":"(anonymous_11)","decl":{"start":{"line":135,"column":9},"end":{"line":135,"column":10}},"loc":{"start":{"line":136,"column":6},"end":{"line":139,"column":8}},"line":136}},"branchMap":{"0":{"loc":{"start":{"line":17,"column":11},"end":{"line":17,"column":48}},"type":"binary-expr","locations":[{"start":{"line":17,"column":11},"end":{"line":17,"column":22}},{"start":{"line":17,"column":26},"end":{"line":17,"column":48}}],"line":17},"1":{"loc":{"start":{"line":22,"column":2},"end":{"line":26,"column":3}},"type":"if","locations":[{"start":{"line":22,"column":2},"end":{"line":26,"column":3}},{"start":{"line":22,"column":2},"end":{"line":26,"column":3}}],"line":22},"2":{"loc":{"start":{"line":60,"column":6},"end":{"line":94,"column":7}},"type":"if","locations":[{"start":{"line":60,"column":6},"end":{"line":94,"column":7}},{"start":{"line":60,"column":6},"end":{"line":94,"column":7}}],"line":60},"3":{"loc":{"start":{"line":60,"column":10},"end":{"line":60,"column":43}},"type":"binary-expr","locations":[{"start":{"line":60,"column":10},"end":{"line":60,"column":22}},{"start":{"line":60,"column":26},"end":{"line":60,"column":31}},{"start":{"line":60,"column":35},"end":{"line":60,"column":43}}],"line":60},"4":{"loc":{"start":{"line":66,"column":8},"end":{"line":68,"column":9}},"type":"if","locations":[{"start":{"line":66,"column":8},"end":{"line":68,"column":9}},{"start":{"line":66,"column":8},"end":{"line":68,"column":9}}],"line":66},"5":{"loc":{"start":{"line":66,"column":12},"end":{"line":66,"column":39}},"type":"binary-expr","locations":[{"start":{"line":66,"column":12},"end":{"line":66,"column":18}},{"start":{"line":66,"column":22},"end":{"line":66,"column":39}}],"line":66},"6":{"loc":{"start":{"line":99,"column":9},"end":{"line":103,"column":8}},"type":"cond-expr","locations":[{"start":{"line":100,"column":6},"end":{"line":100,"column":13}},{"start":{"line":101,"column":6},"end":{"line":103,"column":8}}],"line":99},"7":{"loc":{"start":{"line":116,"column":9},"end":{"line":120,"column":8}},"type":"cond-expr","locations":[{"start":{"line":117,"column":6},"end":{"line":117,"column":13}},{"start":{"line":118,"column":6},"end":{"line":120,"column":8}}],"line":116},"8":{"loc":{"start":{"line":142,"column":9},"end":{"line":146,"column":8}},"type":"cond-expr","locations":[{"start":{"line":143,"column":6},"end":{"line":143,"column":13}},{"start":{"line":144,"column":6},"end":{"line":146,"column":8}}],"line":142}},"s":{"0":15,"1":86,"2":86,"3":5191,"4":5191,"5":86,"6":86,"7":6,"8":80,"9":15,"10":78,"11":78,"12":5181,"13":3846,"14":3846,"15":3846,"16":22337,"17":22337,"18":3846,"19":172,"20":172,"21":172,"22":11,"23":161,"24":161,"25":161,"26":161,"27":316,"28":316,"29":161,"30":3835,"31":78,"32":15,"33":78,"34":78,"35":5158,"36":9,"37":78,"38":15,"39":78,"40":78,"41":5159,"42":147,"43":78},"f":{"0":86,"1":5191,"2":78,"3":5181,"4":3846,"5":22337,"6":78,"7":5158,"8":9,"9":78,"10":5159,"11":147},"b":{"0":[5191,4112],"1":[6,80],"2":[172,3674],"3":[3846,172,172],"4":[11,161],"5":[172,22],"6":[1,77],"7":[75,3],"8":[59,19]},"_coverageSchema":"1a1c01bbd47fc00a2c39e90264f33305004495a9","hash":"49b4bc0e851787bc737d76bdda8015d5f0393e50"},"/home/runner/work/draftjs-filters/draftjs-filters/src/lib/filters/styles.js":{"path":"/home/runner/work/draftjs-filters/draftjs-filters/src/lib/filters/styles.js","statementMap":{"0":{"start":{"line":7,"column":34},"end":{"line":36,"column":1}},"1":{"start":{"line":11,"column":19},"end":{"line":11,"column":40}},"2":{"start":{"line":13,"column":17},"end":{"line":31,"column":4}},"3":{"start":{"line":14,"column":18},"end":{"line":14,"column":23}},"4":{"start":{"line":16,"column":18},"end":{"line":28,"column":6}},"5":{"start":{"line":17,"column":20},"end":{"line":17,"column":24}},"6":{"start":{"line":19,"column":6},"end":{"line":25,"column":10}},"7":{"start":{"line":21,"column":26},"end":{"line":21,"column":51}},"8":{"start":{"line":23,"column":10},"end":{"line":23,"column":24}},"9":{"start":{"line":24,"column":10},"end":{"line":24,"column":64}},"10":{"start":{"line":27,"column":6},"end":{"line":27,"column":20}},"11":{"start":{"line":30,"column":4},"end":{"line":30,"column":62}},"12":{"start":{"line":33,"column":2},"end":{"line":35,"column":4}}},"fnMap":{"0":{"name":"(anonymous_0)","decl":{"start":{"line":7,"column":34},"end":{"line":7,"column":35}},"loc":{"start":{"line":10,"column":5},"end":{"line":36,"column":1}},"line":10},"1":{"name":"(anonymous_1)","decl":{"start":{"line":13,"column":30},"end":{"line":13,"column":31}},"loc":{"start":{"line":13,"column":41},"end":{"line":31,"column":3}},"line":13},"2":{"name":"(anonymous_2)","decl":{"start":{"line":16,"column":47},"end":{"line":16,"column":48}},"loc":{"start":{"line":16,"column":57},"end":{"line":28,"column":5}},"line":16},"3":{"name":"(anonymous_3)","decl":{"start":{"line":21,"column":16},"end":{"line":21,"column":17}},"loc":{"start":{"line":21,"column":26},"end":{"line":21,"column":51}},"line":21},"4":{"name":"(anonymous_4)","decl":{"start":{"line":22,"column":17},"end":{"line":22,"column":18}},"loc":{"start":{"line":22,"column":27},"end":{"line":25,"column":9}},"line":22}},"branchMap":{"0":{"loc":{"start":{"line":30,"column":11},"end":{"line":30,"column":62}},"type":"cond-expr","locations":[{"start":{"line":30,"column":21},"end":{"line":30,"column":54}},{"start":{"line":30,"column":57},"end":{"line":30,"column":62}}],"line":30}},"s":{"0":15,"1":78,"2":78,"3":5156,"4":5156,"5":99349,"6":99349,"7":10424,"8":1005,"9":1005,"10":99349,"11":5156,"12":78},"f":{"0":78,"1":5156,"2":99349,"3":10424,"4":1005},"b":{"0":[82,5074]},"_coverageSchema":"1a1c01bbd47fc00a2c39e90264f33305004495a9","hash":"f50d743160454230f48462c7d86700ee8cbf9ea7"},"/home/runner/work/draftjs-filters/draftjs-filters/src/lib/filters/text.js":{"path":"/home/runner/work/draftjs-filters/draftjs-filters/src/lib/filters/text.js","statementMap":{"0":{"start":{"line":7,"column":35},"end":{"line":30,"column":1}},"1":{"start":{"line":11,"column":19},"end":{"line":11,"column":40}},"2":{"start":{"line":13,"column":17},"end":{"line":25,"column":4}},"3":{"start":{"line":14,"column":17},"end":{"line":14,"column":32}},"4":{"start":{"line":20,"column":20},"end":{"line":22,"column":12}},"5":{"start":{"line":21,"column":6},"end":{"line":21,"column":72}},"6":{"start":{"line":24,"column":4},"end":{"line":24,"column":64}},"7":{"start":{"line":27,"column":2},"end":{"line":29,"column":4}}},"fnMap":{"0":{"name":"(anonymous_0)","decl":{"start":{"line":7,"column":35},"end":{"line":7,"column":36}},"loc":{"start":{"line":10,"column":5},"end":{"line":30,"column":1}},"line":10},"1":{"name":"(anonymous_1)","decl":{"start":{"line":13,"column":30},"end":{"line":13,"column":31}},"loc":{"start":{"line":13,"column":41},"end":{"line":25,"column":3}},"line":13},"2":{"name":"(anonymous_2)","decl":{"start":{"line":20,"column":38},"end":{"line":20,"column":39}},"loc":{"start":{"line":20,"column":53},"end":{"line":22,"column":5}},"line":20}},"branchMap":{"0":{"loc":{"start":{"line":24,"column":11},"end":{"line":24,"column":64}},"type":"cond-expr","locations":[{"start":{"line":24,"column":30},"end":{"line":24,"column":56}},{"start":{"line":24,"column":59},"end":{"line":24,"column":64}}],"line":24}},"s":{"0":15,"1":78,"2":78,"3":5133,"4":5133,"5":5301,"6":5133,"7":78},"f":{"0":78,"1":5133,"2":5301},"b":{"0":[12,5121]},"_coverageSchema":"1a1c01bbd47fc00a2c39e90264f33305004495a9","hash":"7086c9a1b6b6936030e9d663f22bec082deca02a"},"/home/runner/work/draftjs-filters/draftjs-filters/src/lib/filters/selection.js":{"path":"/home/runner/work/draftjs-filters/draftjs-filters/src/lib/filters/selection.js","statementMap":{"0":{"start":{"line":10,"column":41},"end":{"line":66,"column":1}},"1":{"start":{"line":16,"column":2},"end":{"line":18,"column":3}},"2":{"start":{"line":17,"column":4},"end":{"line":17,"column":22}},"3":{"start":{"line":21,"column":2},"end":{"line":27,"column":3}},"4":{"start":{"line":22,"column":4},"end":{"line":26,"column":5}},"5":{"start":{"line":29,"column":20},"end":{"line":31,"column":4}},"6":{"start":{"line":32,"column":20},"end":{"line":32,"column":46}},"7":{"start":{"line":33,"column":20},"end":{"line":33,"column":44}},"8":{"start":{"line":34,"column":22},"end":{"line":34,"column":59}},"9":{"start":{"line":38,"column":30},"end":{"line":38,"column":71}},"10":{"start":{"line":39,"column":2},"end":{"line":41,"column":3}},"11":{"start":{"line":40,"column":4},"end":{"line":40,"column":20}},"12":{"start":{"line":43,"column":19},"end":{"line":43,"column":53}},"13":{"start":{"line":47,"column":24},"end":{"line":49,"column":71}},"14":{"start":{"line":49,"column":17},"end":{"line":49,"column":70}},"15":{"start":{"line":52,"column":2},"end":{"line":63,"column":3}},"16":{"start":{"line":53,"column":30},"end":{"line":53,"column":71}},"17":{"start":{"line":54,"column":27},"end":{"line":54,"column":61}},"18":{"start":{"line":55,"column":26},"end":{"line":60,"column":6}},"19":{"start":{"line":62,"column":4},"end":{"line":62,"column":64}},"20":{"start":{"line":65,"column":2},"end":{"line":65,"column":18}}},"fnMap":{"0":{"name":"(anonymous_0)","decl":{"start":{"line":10,"column":41},"end":{"line":10,"column":42}},"loc":{"start":{"line":14,"column":5},"end":{"line":66,"column":1}},"line":14},"1":{"name":"(anonymous_1)","decl":{"start":{"line":49,"column":10},"end":{"line":49,"column":11}},"loc":{"start":{"line":49,"column":17},"end":{"line":49,"column":70}},"line":49}},"branchMap":{"0":{"loc":{"start":{"line":16,"column":2},"end":{"line":18,"column":3}},"type":"if","locations":[{"start":{"line":16,"column":2},"end":{"line":18,"column":3}},{"start":{"line":16,"column":2},"end":{"line":18,"column":3}}],"line":16},"1":{"loc":{"start":{"line":21,"column":2},"end":{"line":27,"column":3}},"type":"if","locations":[{"start":{"line":21,"column":2},"end":{"line":27,"column":3}},{"start":{"line":21,"column":2},"end":{"line":27,"column":3}}],"line":21},"2":{"loc":{"start":{"line":38,"column":30},"end":{"line":38,"column":71}},"type":"binary-expr","locations":[{"start":{"line":38,"column":30},"end":{"line":38,"column":54}},{"start":{"line":38,"column":58},"end":{"line":38,"column":71}}],"line":38},"3":{"loc":{"start":{"line":39,"column":2},"end":{"line":41,"column":3}},"type":"if","locations":[{"start":{"line":39,"column":2},"end":{"line":41,"column":3}},{"start":{"line":39,"column":2},"end":{"line":41,"column":3}}],"line":39},"4":{"loc":{"start":{"line":52,"column":2},"end":{"line":63,"column":3}},"type":"if","locations":[{"start":{"line":52,"column":2},"end":{"line":63,"column":3}},{"start":{"line":52,"column":2},"end":{"line":63,"column":3}}],"line":52}},"s":{"0":14,"1":85,"2":48,"3":37,"4":1,"5":36,"6":36,"7":36,"8":36,"9":36,"10":36,"11":31,"12":5,"13":5,"14":10,"15":5,"16":4,"17":4,"18":4,"19":4,"20":1},"f":{"0":85,"1":10},"b":{"0":[48,37],"1":[1,36],"2":[36,35],"3":[31,5],"4":[4,1]},"_coverageSchema":"1a1c01bbd47fc00a2c39e90264f33305004495a9","hash":"fd0ce6c078f3c9e51be0096bdc10b11e91cb6f18"},"/home/runner/work/draftjs-filters/draftjs-filters/src/lib/filters/editor.js":{"path":"/home/runner/work/draftjs-filters/draftjs-filters/src/lib/filters/editor.js","statementMap":{"0":{"start":{"line":69,"column":27},"end":{"line":102,"column":1}},"1":{"start":{"line":109,"column":33},"end":{"line":165,"column":1}},"2":{"start":{"line":120,"column":6},"end":{"line":120,"column":13}},"3":{"start":{"line":121,"column":32},"end":{"line":132,"column":3}},"4":{"start":{"line":122,"column":19},"end":{"line":122,"column":47}},"5":{"start":{"line":123,"column":23},"end":{"line":123,"column":39}},"6":{"start":{"line":124,"column":23},"end":{"line":124,"column":39}},"7":{"start":{"line":125,"column":22},"end":{"line":125,"column":37}},"8":{"start":{"line":127,"column":4},"end":{"line":131,"column":5}},"9":{"start":{"line":135,"column":18},"end":{"line":156,"column":3}},"10":{"start":{"line":158,"column":18},"end":{"line":158,"column":49}},"11":{"start":{"line":159,"column":22},"end":{"line":162,"column":3}},"12":{"start":{"line":160,"column":51},"end":{"line":160,"column":60}},"13":{"start":{"line":164,"column":2},"end":{"line":164,"column":69}}},"fnMap":{"0":{"name":"(anonymous_0)","decl":{"start":{"line":109,"column":33},"end":{"line":109,"column":34}},"loc":{"start":{"line":112,"column":5},"end":{"line":165,"column":1}},"line":112},"1":{"name":"(anonymous_1)","decl":{"start":{"line":121,"column":32},"end":{"line":121,"column":33}},"loc":{"start":{"line":121,"column":63},"end":{"line":132,"column":3}},"line":121},"2":{"name":"(anonymous_2)","decl":{"start":{"line":160,"column":4},"end":{"line":160,"column":5}},"loc":{"start":{"line":160,"column":51},"end":{"line":160,"column":60}},"line":160}},"branchMap":{"0":{"loc":{"start":{"line":119,"column":4},"end":{"line":119,"column":39}},"type":"default-arg","locations":[{"start":{"line":119,"column":21},"end":{"line":119,"column":39}}],"line":119},"1":{"loc":{"start":{"line":128,"column":6},"end":{"line":130,"column":53}},"type":"binary-expr","locations":[{"start":{"line":128,"column":6},"end":{"line":128,"column":48}},{"start":{"line":129,"column":6},"end":{"line":129,"column":67}},{"start":{"line":130,"column":6},"end":{"line":130,"column":53}}],"line":128}},"s":{"0":14,"1":14,"2":76,"3":76,"4":6051,"5":6051,"6":6051,"7":6051,"8":6051,"9":76,"10":76,"11":76,"12":912,"13":76},"f":{"0":76,"1":6051,"2":912},"b":{"0":[75],"1":[6051,6043,5904]},"_coverageSchema":"1a1c01bbd47fc00a2c39e90264f33305004495a9","hash":"9a18c5edda78d54dc025b08fc999b5d4cfed1f1c"},"/home/runner/work/draftjs-filters/draftjs-filters/src/lib/index.js":{"path":"/home/runner/work/draftjs-filters/draftjs-filters/src/lib/index.js","statementMap":{},"fnMap":{},"branchMap":{},"s":{},"f":{},"b":{},"_coverageSchema":"1a1c01bbd47fc00a2c39e90264f33305004495a9","hash":"cd10371bc3d3e741e89fe6433697f000e7595a46"}}}